<?xml version="1.0" encoding="UTF-8"?>
<!-- Generated by org.testng.reporters.JUnitXMLReporter -->
<testsuite hostname="Brat-PC" ignored="4" name="RegressionTest" tests="3" failures="0" timestamp="2019-10-23T16:50:55 PDT" time="81.655" errors="0">
  <testcase name="tc_01_login" time="4.771" classname="com.edureka.scripts.LogInScript"/>
  <testcase name="tc_01_selectBlogOption" time="18.136" classname="com.edureka.scripts.MyClassroomScripts"/>
  <testcase name="tc_01_seleniumBlog" time="46.151" classname="com.edureka.scripts.BlogScripts"/>
  <testcase name="@AfterTest CloseBrowsers" time="0.0" classname="com.edureka.common.BaseTest">
    <ignored/>
  </testcase> <!-- @AfterTest CloseBrowsers -->
  <testcase name="@AfterTest CloseBrowsers" time="0.0" classname="com.edureka.common.BaseTest">
    <ignored/>
  </testcase> <!-- @AfterTest CloseBrowsers -->
  <testcase name="@BeforeTest LaunchBrowser" time="0.0" classname="com.edureka.common.BaseTest">
    <ignored/>
  </testcase> <!-- @BeforeTest LaunchBrowser -->
  <testcase name="@BeforeTest LaunchBrowser" time="0.0" classname="com.edureka.common.BaseTest">
    <ignored/>
  </testcase> <!-- @BeforeTest LaunchBrowser -->
</testsuite> <!-- RegressionTest -->
